app/build/outputs/mapping/release/seeds.txt
com.najmi.oreamnos.SettingsActivity
com.najmi.oreamnos.ShareRouterActivity
com.najmi.oreamnos.MainActivity
com.najmi.oreamnos.SessionListActivity
com.najmi.oreamnos.HashtagManagerActivity
com.najmi.oreamnos.model.GenerationPill$Companion$Deserializer
com.najmi.oreamnos.services.ContentGenerationService
com.najmi.oreamnos.UsageActivity
com.najmi.oreamnos.LogListActivity
com.najmi.oreamnos.services.GenerateTileService
com.najmi.oreamnos.model.GenerationPill$Companion$Deserializer: GenerationPill$Companion$Deserializer()
com.najmi.oreamnos.cardgen.model.ExportSize: com.najmi.oreamnos.cardgen.model.ExportSize[] values()
com.najmi.oreamnos.SettingsActivity: SettingsActivity()
com.najmi.oreamnos.LogListActivity: LogListActivity()
com.najmi.oreamnos.UsageActivity: UsageActivity()
com.najmi.oreamnos.cardgen.utils.GradientBuilder$ScrimType: com.najmi.oreamnos.cardgen.utils.GradientBuilder$ScrimType[] values()
com.najmi.oreamnos.services.GenerateTileService: GenerateTileService()
com.najmi.oreamnos.SessionListActivity: SessionListActivity()
com.najmi.oreamnos.MainActivity: MainActivity()
com.najmi.oreamnos.cardgen.model.BackgroundType: com.najmi.oreamnos.cardgen.model.BackgroundType valueOf(java.lang.String)
com.najmi.oreamnos.cardgen.model.PresetBackground: com.najmi.oreamnos.cardgen.model.PresetBackground[] values()
com.najmi.oreamnos.cardgen.model.ImagePosition: com.najmi.oreamnos.cardgen.model.ImagePosition[] values()
com.najmi.oreamnos.cardgen.viewmodel.CardGeneratorViewModel: CardGeneratorViewModel()
com.najmi.oreamnos.services.ContentGenerationService: ContentGenerationService()
com.najmi.oreamnos.cardgen.model.ExportSize: com.najmi.oreamnos.cardgen.model.ExportSize valueOf(java.lang.String)
com.najmi.oreamnos.cardgen.utils.GradientBuilder$ScrimType: com.najmi.oreamnos.cardgen.utils.GradientBuilder$ScrimType valueOf(java.lang.String)
com.najmi.oreamnos.cardgen.model.ImagePosition: com.najmi.oreamnos.cardgen.model.ImagePosition valueOf(java.lang.String)
com.najmi.oreamnos.cardgen.model.BackgroundType: com.najmi.oreamnos.cardgen.model.BackgroundType[] values()
com.najmi.oreamnos.viewmodel.OcrViewModel: OcrViewModel()
com.najmi.oreamnos.viewmodel.AppViewModel: AppViewModel()
com.najmi.oreamnos.cardgen.model.PresetBackground: com.najmi.oreamnos.cardgen.model.PresetBackground valueOf(java.lang.String)
com.najmi.oreamnos.cardgen.model.PhotoFilter: com.najmi.oreamnos.cardgen.model.PhotoFilter valueOf(java.lang.String)
com.najmi.oreamnos.ShareRouterActivity: ShareRouterActivity()
com.najmi.oreamnos.HashtagManagerActivity: HashtagManagerActivity()
com.najmi.oreamnos.cardgen.model.PhotoFilter: com.najmi.oreamnos.cardgen.model.PhotoFilter[] values()
com.najmi.oreamnos.viewmodel.MainViewModel: MainViewModel()
...
androidx.appcompat.widget.AppCompatTextView: android.graphics.PorterDuff$Mode getSupportBackgroundTintMode()
okhttp3.CertificatePinner: int hashCode()
okhttp3.MultipartBody: void writeTo(okio.BufferedSink)
org.jsoup.parser.HtmlTreeBuilderState: void handleRcData(org.jsoup.parser.Token$StartTag,org.jsoup.parser.HtmlTreeBuilder)
com.google.gson.stream.JsonReader: int peekKeyword()
org.jsoup.nodes.Comment: java.lang.String toString()
com.google.android.material.chip.ChipGroup: void setChipSpacingVerticalResource(int)
okhttp3.internal.platform.OpenJSSEPlatform: void configureTlsExtensions(javax.net.ssl.SSLSocket,java.lang.String,java.util.List)
androidx.appcompat.widget.AppCompatMultiAutoCompleteTextView: void setSupportBackgroundTintList(android.content.res.ColorStateList)
com.google.gson.stream.JsonWriter: void beforeName()
okhttp3.internal.http2.Http2Stream: boolean isLocallyInitiated()
com.google.android.material.floatingactionbutton.ExtendedFloatingActionButton: com.google.android.material.animation.MotionSpec getExtendMotionSpec()
org.jsoup.nodes.Node: org.jsoup.nodes.Node parent()
okhttp3.Call: boolean isExecuted()
com.google.android.material.textfield.TextInputLayout: void setMaxWidth(int)
okhttp3.internal.platform.BouncyCastlePlatform: javax.net.ssl.X509TrustManager platformTrustManager()
com.google.android.material.textfield.TextInputLayout: void setErrorAccessibilityLiveRegion(int)
okhttp3.internal.http2.Hpack$Reader: Hpack$Reader(okio.Source,int,int)
com.google.gson.internal.Excluder: boolean isAnonymousOrNonStaticLocal(java.lang.Class)
org.jsoup.nodes.Element: void appendNormalisedText(java.lang.StringBuilder,org.jsoup.nodes.TextNode)
okhttp3.ResponseBody: long contentLength()
com.google.android.material.navigation.NavigationBarView: int getSelectedItemId()
com.google.android.material.button.MaterialButton: void setBackgroundDrawable(android.graphics.drawable.Drawable)
androidx.appcompat.view.menu.ListMenuItemView: void setCheckable(boolean)
okhttp3.internal.concurrent.TaskRunner$RealBackend: void execute(java.lang.Runnable)
androidx.appcompat.widget.AppCompatButton: android.graphics.PorterDuff$Mode getSupportCompoundDrawablesTintMode()
androidx.core.app.NotificationCompatBuilder$Api23Impl: android.app.Notification$Builder setSmallIcon(android.app.Notification$Builder,java.lang.Object)
androidx.core.app.NotificationCompatBuilder$Api26Impl: android.app.Notification$Builder setBadgeIconType(android.app.Notification$Builder,int)
okhttp3.internal.http2.Http2Connection$Builder: void setSink$okhttp(okio.BufferedSink)
com.google.android.material.card.MaterialCardView: void setCheckedIcon(android.graphics.drawable.Drawable)
androidx.appcompat.widget.SwitchCompat: java.lang.CharSequence getTextOff()
org.jsoup.nodes.Attribute: boolean isDataAttribute(java.lang.String)
com.google.gson.internal.bind.TypeAdapters$33: java.lang.String toString()
androidx.core.app.NotificationCompatBuilder$Api20Impl: android.app.Notification$Builder setLocalOnly(android.app.Notification$Builder,boolean)
org.jsoup.nodes.Range$Position: java.lang.String toString()
org.jsoup.helper.Validate: void isTrue(boolean)
org.jsoup.safety.Safelist$TagName: Safelist$TagName(java.lang.String)
org.jsoup.parser.CharacterReader: boolean matchesAnySorted(char[])
androidx.cardview.widget.CardView: void setCardBackgroundColor(android.content.res.ColorStateList)
com.google.gson.internal.bind.TypeAdapters$23: TypeAdapters$23()
okhttp3.RequestBody$Companion$toRequestBody$2: okhttp3.MediaType contentType()
org.jsoup.nodes.Element: org.jsoup.nodes.Element appendElement(java.lang.String)
okhttp3.internal.http.RealInterceptorChain: okhttp3.Interceptor$Chain withWriteTimeout(int,java.util.concurrent.TimeUnit)
com.google.gson.JsonArray: boolean isEmpty()
androidx.security.crypto.EncryptedSharedPreferences$EncryptedType: androidx.security.crypto.EncryptedSharedPreferences$EncryptedType[] values()