app/build/outputs/mapping/release/usage.txt
com.najmi.oreamnos.ComposableSingletons$MainActivityKt:
    public final kotlin.jvm.functions.Function3 getLambda-11$app_release()
com.najmi.oreamnos.HashtagManagerActivity:
    public static final int $stable
com.najmi.oreamnos.LogListActivityKt$LogListScreen$6$2$invoke$$inlined$items$default$2
com.najmi.oreamnos.MainActivity$GenerationResult:
    public static final int $stable
    public final boolean component1()
    public final java.lang.String component2()
    public final java.lang.String component3()
    public final boolean component4()
    public final boolean component5()
    public final java.lang.String component6()
    public final long component7()
    public final com.najmi.oreamnos.MainActivity$GenerationResult copy(boolean,java.lang.String,java.lang.String,boolean,boolean,java.lang.String,long)
    public static synthetic com.najmi.oreamnos.MainActivity$GenerationResult copy$default(com.najmi.oreamnos.MainActivity$GenerationResult,boolean,java.lang.String,java.lang.String,boolean,boolean,java.lang.String,long,int,java.lang.Object)
com.najmi.oreamnos.MainActivity:
    private static final java.lang.String TAG
com.najmi.oreamnos.MainActivityKt$LoadingCard$1
com.najmi.oreamnos.MainActivityKt:
    public static final void LoadingCard(androidx.compose.runtime.Composer,int)
    private static final java.lang.String MainScreen$lambda$52(androidx.compose.runtime.MutableState)
com.najmi.oreamnos.R$anim
com.najmi.oreamnos.R$color
com.najmi.oreamnos.R$dimen
com.najmi.oreamnos.R$drawable:
    public static int bar_top_rounded
    public static int bottom_sheet_handle
    public static int circle_indicator
    public static int dark_card_bg
    public static int divider_horizontal
    public static int fab_gradient_blue
    public static int ic_add
    public static int ic_back
    public static int ic_chevron_right
    public static int ic_clear
    public static int ic_document
    public static int ic_dropdown
    public static int ic_generate
    public static int ic_history
    public static int ic_paste
    public static int ic_refresh
    public static int ic_settings
    public static int ic_sparkle
    public static int ic_stadium
    public static int ic_tag
    public static int ic_usage
    public static int log_badge_debug
    public static int log_badge_error
    public static int log_badge_info
    public static int log_badge_warn
    public static int output_card_glow
    public static int pill_button_dark
    public static int pill_button_green
    public static int rounded_bg_surface
    public static int shimmer_placeholder
    public static int shimmer_placeholder_chip
    public static int skeleton_item
    public static int skeleton_item_dark
    public static int skeleton_item_light
    public static int skeleton_shimmer
    public static int token_bar_background
    public static int token_bar_prompt
    public static int token_bar_response
    private void <init>()
com.najmi.oreamnos.R$id
com.najmi.oreamnos.R$layout
com.najmi.oreamnos.R$menu
com.najmi.oreamnos.R$mipmap
...
androidx.compose.foundation.text2.input.internal.selection.TextFieldSelectionState$detectCursorHandleDragGestures$3
androidx.compose.foundation.text2.input.internal.selection.TextFieldSelectionState$detectCursorHandleDragGestures$4
androidx.compose.foundation.text2.input.internal.selection.TextFieldSelectionState$detectCursorHandleDragGestures$5
androidx.compose.foundation.text2.input.internal.selection.TextFieldSelectionState$detectSelectionHandleDragGestures$1
androidx.compose.foundation.text2.input.internal.selection.TextFieldSelectionState$detectSelectionHandleDragGestures$2
androidx.compose.foundation.text2.input.internal.selection.TextFieldSelectionState$detectSelectionHandleDragGestures$3
androidx.compose.foundation.text2.input.internal.selection.TextFieldSelectionState$detectSelectionHandleDragGestures$4
androidx.compose.foundation.text2.input.internal.selection.TextFieldSelectionState$detectSelectionHandleDragGestures$5
androidx.compose.foundation.text2.input.internal.selection.TextFieldSelectionState$detectSelectionHandleDragGestures$6
androidx.compose.foundation.text2.input.internal.selection.TextFieldSelectionState$detectTextFieldLongPressAndAfterDrag$2$1
androidx.compose.foundation.text2.input.internal.selection.TextFieldSelectionState$detectTextFieldLongPressAndAfterDrag$2
androidx.compose.foundation.text2.input.internal.selection.TextFieldSelectionState$detectTextFieldLongPressAndAfterDrag$3
androidx.compose.foundation.text2.input.internal.selection.TextFieldSelectionState$detectTextFieldLongPressAndAfterDrag$4
androidx.compose.foundation.text2.input.internal.selection.TextFieldSelectionState$detectTextFieldLongPressAndAfterDrag$5$1
androidx.compose.foundation.text2.input.internal.selection.TextFieldSelectionState$detectTextFieldLongPressAndAfterDrag$5
androidx.compose.foundation.text2.input.internal.selection.TextFieldSelectionState$detectTextFieldTapGestures$2$1
androidx.compose.foundation.text2.input.internal.selection.TextFieldSelectionState$detectTextFieldTapGestures$2
androidx.compose.foundation.text2.input.internal.selection.TextFieldSelectionState$detectTextFieldTapGestures$3$1
androidx.compose.foundation.text2.input.internal.selection.TextFieldSelectionState$detectTextFieldTapGestures$3
androidx.compose.foundation.text2.input.internal.selection.TextFieldSelectionState$detectTouchMode$2
androidx.compose.foundation.text2.input.internal.selection.TextFieldSelectionState$endSelectionHandle$2
androidx.compose.foundation.text2.input.internal.selection.TextFieldSelectionState$observeChanges$1
androidx.compose.foundation.text2.input.internal.selection.TextFieldSelectionState$observeChanges$2$1
androidx.compose.foundation.text2.input.internal.selection.TextFieldSelectionState$observeChanges$2$2
androidx.compose.foundation.text2.input.internal.selection.TextFieldSelectionState$observeChanges$2
androidx.compose.foundation.text2.input.internal.selection.TextFieldSelectionState$observeTextChanges$2
androidx.compose.foundation.text2.input.internal.selection.TextFieldSelectionState$observeTextChanges$3
androidx.compose.foundation.text2.input.internal.selection.TextFieldSelectionState$observeTextChanges$4
androidx.compose.foundation.text2.input.internal.selection.TextFieldSelectionState$observeTextToolbarVisibility$2
androidx.compose.foundation.text2.input.internal.selection.TextFieldSelectionState$observeTextToolbarVisibility$3
androidx.compose.foundation.text2.input.internal.selection.TextFieldSelectionState$selectionHandleGestures$2$1
androidx.compose.foundation.text2.input.internal.selection.TextFieldSelectionState$selectionHandleGestures$2$2$1
androidx.compose.foundation.text2.input.internal.selection.TextFieldSelectionState$selectionHandleGestures$2$2$2
androidx.compose.foundation.text2.input.internal.selection.TextFieldSelectionState$selectionHandleGestures$2$2
androidx.compose.foundation.text2.input.internal.selection.TextFieldSelectionState$selectionHandleGestures$2$3